# JRE version: OpenJDK Runtime Environment (24.0.1+9) (build 24.0.1+9-30)
# Java VM: OpenJDK 64-Bit Server VM (24.0.1+9-30, mixed mode, sharing, tiered, compressed oops, compressed class ptrs, g1 gc, windows-amd64)
GC Precious Log:
 CardTable entry size: 512
 Card Set container configuration: InlinePtr #cards 4 size 8 Array Of Cards #cards 32 size 80 Howl #buckets 8 coarsen threshold 7372 Howl Bitmap #cards 1024 size 144 coarsen threshold 921 Card regions per heap region 1 cards per card region 8192
 CPUs: 16 total, 16 available
 Memory: 32581M
 Large Page Support: Disabled
 NUMA Support: Disabled
 Compressed Oops: Enabled (Zero based)
 Heap Region Size: 4M
 Heap Min Capacity: 8M
 Heap Initial Capacity: 512M
 Heap Max Capacity: 8148M
 Pre-touch: Disabled
 Parallel Workers: 13
 Concurrent Workers: 3
 Concurrent Refinement Workers: 13
 Periodic GC: Disabled
Heap:
 garbage-first heap   total reserved 8343552K, committed 131072K, used 102116K [0x0000000602c00000, 0x0000000800000000)
  region size 4096K, 10 young (40960K), 1 survivors (4096K)
 Metaspace       used 36929K, committed 37440K, reserved 1114112K
  class space    used 4991K, committed 5248K, reserved 1048576K
GC Heap History (20 events):
Event: 3543.832 GC heap before
{Heap before GC invocations=38 (full 0):
 garbage-first heap   total reserved 8343552K, committed 131072K, used 110333K [0x0000000602c00000, 0x0000000800000000)
  region size 4096K, 11 young (45056K), 1 survivors (4096K)
 Metaspace       used 36525K, committed 36928K, reserved 1114112K
  class space    used 4950K, committed 5120K, reserved 1048576K
}
Event: 3543.834 GC heap after
{Heap after GC invocations=39 (full 0):
 garbage-first heap   total reserved 8343552K, committed 131072K, used 69356K [0x0000000602c00000, 0x0000000800000000)
  region size 4096K, 1 young (4096K), 1 survivors (4096K)
 Metaspace       used 36525K, committed 36928K, reserved 1114112K
  class space    used 4950K, committed 5120K, reserved 1048576K
}
Event: 3600.293 GC heap before
{Heap before GC invocations=40 (full 0):
 garbage-first heap   total reserved 8343552K, committed 131072K, used 110316K [0x0000000602c00000, 0x0000000800000000)
  region size 4096K, 11 young (45056K), 1 survivors (4096K)
 Metaspace       used 36525K, committed 36928K, reserved 1114112K
  class space    used 4950K, committed 5120K, reserved 1048576K
}
Event: 3600.296 GC heap after
{Heap after GC invocations=41 (full 0):
 garbage-first heap   total reserved 8343552K, committed 131072K, used 69338K [0x0000000602c00000, 0x0000000800000000)
  region size 4096K, 1 young (4096K), 1 survivors (4096K)
 Metaspace       used 36525K, committed 36928K, reserved 1114112K
  class space    used 4950K, committed 5120K, reserved 1048576K
}
Event: 3656.312 GC heap before
{Heap before GC invocations=41 (full 0):
 garbage-first heap   total reserved 8343552K, committed 131072K, used 110298K [0x0000000602c00000, 0x0000000800000000)
  region size 4096K, 11 young (45056K), 1 survivors (4096K)
 Metaspace       used 36525K, committed 36928K, reserved 1114112K
  class space    used 4950K, committed 5120K, reserved 1048576K
}
Event: 3656.314 GC heap after
{Heap after GC invocations=42 (full 0):
 garbage-first heap   total reserved 8343552K, committed 131072K, used 69357K [0x0000000602c00000, 0x0000000800000000)
  region size 4096K, 1 young (4096K), 1 survivors (4096K)
 Metaspace       used 36525K, committed 36928K, reserved 1114112K
  class space    used 4950K, committed 5120K, reserved 1048576K
}
Event: 4357.121 GC heap before
{Heap before GC invocations=43 (full 0):
 garbage-first heap   total reserved 8343552K, committed 131072K, used 110317K [0x0000000602c00000, 0x0000000800000000)
  region size 4096K, 11 young (45056K), 1 survivors (4096K)
 Metaspace       used 36525K, committed 36928K, reserved 1114112K
  class space    used 4950K, committed 5120K, reserved 1048576K
}
Event: 4357.129 GC heap after
{Heap after GC invocations=44 (full 0):
 garbage-first heap   total reserved 8343552K, committed 131072K, used 69245K [0x0000000602c00000, 0x0000000800000000)
  region size 4096K, 1 young (4096K), 1 survivors (4096K)
 Metaspace       used 36525K, committed 36928K, reserved 1114112K
  class space    used 4950K, committed 5120K, reserved 1048576K
}
Event: 5245.700 GC heap before
{Heap before GC invocations=44 (full 0):
 garbage-first heap   total reserved 8343552K, committed 131072K, used 110205K [0x0000000602c00000, 0x0000000800000000)
  region size 4096K, 11 young (45056K), 1 survivors (4096K)
 Metaspace       used 36529K, committed 36928K, reserved 1114112K
  class space    used 4950K, committed 5120K, reserved 1048576K
}
Event: 5245.704 GC heap after
{Heap after GC invocations=45 (full 0):
 garbage-first heap   total reserved 8343552K, committed 131072K, used 69223K [0x0000000602c00000, 0x0000000800000000)
  region size 4096K, 1 young (4096K), 1 survivors (4096K)
 Metaspace       used 36529K, committed 36928K, reserved 1114112K
  class space    used 4950K, committed 5120K, reserved 1048576K
}
Event: 6102.817 GC heap before
{Heap before GC invocations=46 (full 0):
 garbage-first heap   total reserved 8343552K, committed 131072K, used 110183K [0x0000000602c00000, 0x0000000800000000)
  region size 4096K, 11 young (45056K), 1 survivors (4096K)
 Metaspace       used 36530K, committed 36928K, reserved 1114112K
  class space    used 4950K, committed 5120K, reserved 1048576K
}
Event: 6102.819 GC heap after
{Heap after GC invocations=47 (full 0):
 garbage-first heap   total reserved 8343552K, committed 131072K, used 69229K [0x0000000602c00000, 0x0000000800000000)
  region size 4096K, 1 young (4096K), 1 survivors (4096K)
 Metaspace       used 36530K, committed 36928K, reserved 1114112K
  class space    used 4950K, committed 5120K, reserved 1048576K
}
Event: 6443.285 GC heap before
{Heap before GC invocations=47 (full 0):
 garbage-first heap   total reserved 8343552K, committed 131072K, used 110189K [0x0000000602c00000, 0x0000000800000000)
  region size 4096K, 11 young (45056K), 1 survivors (4096K)
 Metaspace       used 36530K, committed 36928K, reserved 1114112K
  class space    used 4950K, committed 5120K, reserved 1048576K
}
Event: 6443.286 GC heap after
{Heap after GC invocations=48 (full 0):
 garbage-first heap   total reserved 8343552K, committed 131072K, used 69315K [0x0000000602c00000, 0x0000000800000000)
  region size 4096K, 1 young (4096K), 1 survivors (4096K)
 Metaspace       used 36530K, committed 36928K, reserved 1114112K
  class space    used 4950K, committed 5120K, reserved 1048576K
}
Event: 6499.296 GC heap before
{Heap before GC invocations=49 (full 0):
 garbage-first heap   total reserved 8343552K, committed 131072K, used 110275K [0x0000000602c00000, 0x0000000800000000)
  region size 4096K, 11 young (45056K), 1 survivors (4096K)
 Metaspace       used 36530K, committed 36928K, reserved 1114112K
  class space    used 4950K, committed 5120K, reserved 1048576K
}
Event: 6499.298 GC heap after
{Heap after GC invocations=50 (full 0):
 garbage-first heap   total reserved 8343552K, committed 131072K, used 69349K [0x0000000602c00000, 0x0000000800000000)
  region size 4096K, 1 young (4096K), 1 survivors (4096K)
 Metaspace       used 36530K, committed 36928K, reserved 1114112K
  class space    used 4950K, committed 5120K, reserved 1048576K
}
Event: 6555.293 GC heap before
{Heap before GC invocations=50 (full 0):
 garbage-first heap   total reserved 8343552K, committed 131072K, used 110309K [0x0000000602c00000, 0x0000000800000000)
  region size 4096K, 11 young (45056K), 1 survivors (4096K)
 Metaspace       used 36530K, committed 36928K, reserved 1114112K
  class space    used 4950K, committed 5120K, reserved 1048576K
}
Event: 6555.294 GC heap after
{Heap after GC invocations=51 (full 0):
 garbage-first heap   total reserved 8343552K, committed 131072K, used 69349K [0x0000000602c00000, 0x0000000800000000)
  region size 4096K, 1 young (4096K), 1 survivors (4096K)
 Metaspace       used 36530K, committed 36928K, reserved 1114112K
  class space    used 4950K, committed 5120K, reserved 1048576K
}
Event: 6610.842 GC heap before
{Heap before GC invocations=52 (full 0):
 garbage-first heap   total reserved 8343552K, committed 131072K, used 110309K [0x0000000602c00000, 0x0000000800000000)
  region size 4096K, 11 young (45056K), 1 survivors (4096K)
 Metaspace       used 36530K, committed 36928K, reserved 1114112K
  class space    used 4950K, committed 5120K, reserved 1048576K
}
Event: 6610.844 GC heap after
{Heap after GC invocations=53 (full 0):
 garbage-first heap   total reserved 8343552K, committed 131072K, used 69348K [0x0000000602c00000, 0x0000000800000000)
  region size 4096K, 1 young (4096K), 1 survivors (4096K)
 Metaspace       used 36530K, committed 36928K, reserved 1114112K
  class space    used 4950K, committed 5120K, reserved 1048576K
}

